#! /usr/bin/vvp
:ivl_version "10.3 (stable)";
:ivl_delay_selection "TYPICAL";
:vpi_time_precision - 10;
:vpi_module "system";
:vpi_module "vhdl_sys";
:vpi_module "v2005_math";
:vpi_module "va_math";
S_0x55f95ffdc030 .scope module, "remon" "remon" 2 3;
 .timescale -9 -10;
v0x55f960023740_0 .var "a", 0 0;
v0x55f960023800_0 .var "b", 0 0;
v0x55f9600238d0_0 .var "c", 0 0;
v0x55f9600239d0_0 .net "z", 0 0, L_0x55f960023be0;  1 drivers
S_0x55f95ffdc1b0 .scope module, "uut" "vlsi" 2 11, 3 1 0, S_0x55f95ffdc030;
 .timescale 0 0;
    .port_info 0 /INPUT 1 "a"
    .port_info 1 /INPUT 1 "b"
    .port_info 2 /INPUT 1 "c"
    .port_info 3 /OUTPUT 1 "z"
L_0x55f960023aa0 .functor XOR 1, v0x55f960023740_0, v0x55f960023800_0, C4<0>, C4<0>;
L_0x55f960023be0 .functor XOR 1, L_0x55f960023aa0, v0x55f9600238d0_0, C4<0>, C4<0>;
v0x55f9600119f0_0 .net *"_s0", 0 0, L_0x55f960023aa0;  1 drivers
v0x55f960023360_0 .net "a", 0 0, v0x55f960023740_0;  1 drivers
v0x55f960023420_0 .net "b", 0 0, v0x55f960023800_0;  1 drivers
v0x55f9600234f0_0 .net "c", 0 0, v0x55f9600238d0_0;  1 drivers
v0x55f9600235b0_0 .net "z", 0 0, L_0x55f960023be0;  alias, 1 drivers
    .scope S_0x55f95ffdc030;
T_0 ;
    %pushi/vec4 0, 0, 1;
    %store/vec4 v0x55f960023740_0, 0, 1;
    %pushi/vec4 0, 0, 1;
    %store/vec4 v0x55f960023800_0, 0, 1;
    %pushi/vec4 0, 0, 1;
    %store/vec4 v0x55f9600238d0_0, 0, 1;
    %end;
    .thread T_0;
    .scope S_0x55f95ffdc030;
T_1 ;
    %delay 20, 0;
    %load/vec4 v0x55f960023740_0;
    %inv;
    %store/vec4 v0x55f960023740_0, 0, 1;
    %jmp T_1;
    .thread T_1;
    .scope S_0x55f95ffdc030;
T_2 ;
    %delay 40, 0;
    %load/vec4 v0x55f960023800_0;
    %inv;
    %store/vec4 v0x55f960023800_0, 0, 1;
    %jmp T_2;
    .thread T_2;
    .scope S_0x55f95ffdc030;
T_3 ;
    %delay 40, 0;
    %load/vec4 v0x55f9600238d0_0;
    %inv;
    %store/vec4 v0x55f9600238d0_0, 0, 1;
    %jmp T_3;
    .thread T_3;
    .scope S_0x55f95ffdc030;
T_4 ;
    %vpi_call 2 27 "$monitor", $time, "a=%b,b=%b,c=%b,z=%b", v0x55f960023740_0, v0x55f960023800_0, v0x55f9600238d0_0, v0x55f9600239d0_0 {0 0 0};
    %end;
    .thread T_4;
    .scope S_0x55f95ffdc030;
T_5 ;
    %delay 500, 0;
    %vpi_call 2 28 "$finish" {0 0 0};
    %end;
    .thread T_5;
# The file index is used to find the file name in the following table.
:file_names 4;
    "N/A";
    "<interactive>";
    "Testvlsi.v";
    "vlsi.v";
